<?xml version="1.0" encoding="UTF-8"?>
<!-- Generated by org.testng.reporters.JUnitXMLReporter -->
<testsuite ignored="0" hostname="LAPTOP-65CEBPK8" failures="0" tests="8" name="Test" time="15.299" errors="0" timestamp="2021-10-13T13:51:04 IST">
  <testcase classname="com.thinknumbers.smoketesting.ThinkNumbersSmokeTest" name="@BeforeMethod setUp" time="14.749">
    <failure type="org.openqa.selenium.TimeoutException" message="Expected condition failed: waiting for presence of element located by: By.xpath: //a[contains(text(),&amp;apos;ThinkNumbers&amp;apos;)] (tried for 10 second(s) with 500 milliseconds interval)">
      <![CDATA[org.openqa.selenium.TimeoutException: Expected condition failed: waiting for presence of element located by: By.xpath: //a[contains(text(),'ThinkNumbers')] (tried for 10 second(s) with 500 milliseconds interval)
at org.openqa.selenium.support.ui.WebDriverWait.timeoutException(WebDriverWait.java:95)
at org.openqa.selenium.support.ui.FluentWait.until(FluentWait.java:272)
at com.thinknumbers.smoketesting.ThinkNumbersSmokeTest.setUp(ThinkNumbersSmokeTest.java:30)
at java.base/java.util.concurrent.ThreadPoolExecutor.runWorker(ThreadPoolExecutor.java:1130)
at java.base/java.util.concurrent.ThreadPoolExecutor$Worker.run(ThreadPoolExecutor.java:630)
at java.base/java.lang.Thread.run(Thread.java:831)
Caused by: org.openqa.selenium.NoSuchWindowException: no such window: target window already closed
from unknown error: web view not found
  (Session info: chrome=94.0.4606.71)
Build info: version: '3.141.59', revision: 'e82be7d358', time: '2018-11-14T08:17:03'
System info: host: 'LAPTOP-65CEBPK8', ip: '192.168.1.229', os.name: 'Windows 10', os.arch: 'amd64', os.version: '10.0', java.version: '16.0.2'
Driver info: org.openqa.selenium.chrome.ChromeDriver
Capabilities {acceptInsecureCerts: false, browserName: chrome, browserVersion: 94.0.4606.71, chrome: {chromedriverVersion: 93.0.4577.15 (660fc11082ba5..., userDataDir: C:\Users\ahmed\AppData\Loca...}, goog:chromeOptions: {debuggerAddress: localhost:53473}, javascriptEnabled: true, networkConnectionEnabled: false, pageLoadStrategy: normal, platform: WINDOWS, platformName: WINDOWS, proxy: Proxy(), setWindowRect: true, strictFileInteractability: false, timeouts: {implicit: 0, pageLoad: 300000, script: 30000}, unhandledPromptBehavior: dismiss and notify, webauthn:extension:credBlob: true, webauthn:extension:largeBlob: true, webauthn:virtualAuthenticators: true}
Session ID: 72e450f0a4aaffc9b00ac096f420e44e
*** Element info: {Using=xpath, value=//a[contains(text(),'ThinkNumbers')]}
at org.openqa.selenium.remote.http.W3CHttpResponseCodec.createException(W3CHttpResponseCodec.java:187)
at org.openqa.selenium.remote.http.W3CHttpResponseCodec.decode(W3CHttpResponseCodec.java:122)
at org.openqa.selenium.remote.http.W3CHttpResponseCodec.decode(W3CHttpResponseCodec.java:49)
at org.openqa.selenium.remote.HttpCommandExecutor.execute(HttpCommandExecutor.java:158)
at org.openqa.selenium.remote.service.DriverCommandExecutor.execute(DriverCommandExecutor.java:83)
at org.openqa.selenium.remote.RemoteWebDriver.execute(RemoteWebDriver.java:552)
at org.openqa.selenium.remote.RemoteWebDriver.findElement(RemoteWebDriver.java:323)
at org.openqa.selenium.remote.RemoteWebDriver.findElementByXPath(RemoteWebDriver.java:428)
at org.openqa.selenium.By$ByXPath.findElement(By.java:353)
at org.openqa.selenium.remote.RemoteWebDriver.findElement(RemoteWebDriver.java:315)
at org.openqa.selenium.support.events.EventFiringWebDriver.lambda$new$1(EventFiringWebDriver.java:105)
at jdk.proxy2/jdk.proxy2.$Proxy10.findElement(Unknown Source)
at org.openqa.selenium.support.events.EventFiringWebDriver.findElement(EventFiringWebDriver.java:194)
at org.openqa.selenium.support.ui.ExpectedConditions$6.apply(ExpectedConditions.java:182)
at org.openqa.selenium.support.ui.ExpectedConditions$6.apply(ExpectedConditions.java:179)
at org.openqa.selenium.support.ui.FluentWait.until(FluentWait.java:249)
... 20 more
... Removed 25 stack frames]]>
    </failure>
  </testcase> <!-- @BeforeMethod setUp -->
  <testcase classname="com.thinknumbers.smoketesting.ThinkNumbersSmokeTest" name="@AfterMethod logOutChildWindow" time="-1.634113263784E9">
    <skipped/>
  </testcase> <!-- @AfterMethod logOutChildWindow -->
  <testcase classname="com.thinknumbers.smoketesting.ThinkNumbersSmokeTest" name="@BeforeMethod setUp" time="-1.634113263787E9">
    <skipped/>
  </testcase> <!-- @BeforeMethod setUp -->
  <testcase classname="com.thinknumbers.smoketesting.ThinkNumbersSmokeTest" name="@AfterMethod logOutChildWindow" time="-1.634113263796E9">
    <skipped/>
  </testcase> <!-- @AfterMethod logOutChildWindow -->
  <testcase classname="com.thinknumbers.smoketesting.ThinkNumbersSmokeTest" name="@BeforeMethod setUp" time="-1.634113263799E9">
    <skipped/>
  </testcase> <!-- @BeforeMethod setUp -->
  <testcase classname="com.thinknumbers.smoketesting.ThinkNumbersSmokeTest" name="@AfterMethod logOutChildWindow" time="-1.634113263807E9">
    <skipped/>
  </testcase> <!-- @AfterMethod logOutChildWindow -->
  <testcase classname="com.thinknumbers.smoketesting.ThinkNumbersSmokeTest" name="@BeforeMethod setUp" time="-1.634113263808E9">
    <skipped/>
  </testcase> <!-- @BeforeMethod setUp -->
  <testcase classname="com.thinknumbers.smoketesting.ThinkNumbersSmokeTest" name="@AfterMethod logOutChildWindow" time="-1.634113263816E9">
    <skipped/>
  </testcase> <!-- @AfterMethod logOutChildWindow -->
  <testcase classname="com.thinknumbers.smoketesting.ThinkNumbersSmokeTest" name="@BeforeMethod setUp" time="-1.634113263818E9">
    <skipped/>
  </testcase> <!-- @BeforeMethod setUp -->
  <testcase classname="com.thinknumbers.smoketesting.ThinkNumbersSmokeTest" name="@AfterMethod logOutChildWindow" time="-1.634113263824E9">
    <skipped/>
  </testcase> <!-- @AfterMethod logOutChildWindow -->
  <testcase classname="com.thinknumbers.smoketesting.ThinkNumbersSmokeTest" name="@BeforeMethod setUp" time="-1.634113263826E9">
    <skipped/>
  </testcase> <!-- @BeforeMethod setUp -->
  <testcase classname="com.thinknumbers.smoketesting.ThinkNumbersSmokeTest" name="@AfterMethod logOutChildWindow" time="-1.634113263834E9">
    <skipped/>
  </testcase> <!-- @AfterMethod logOutChildWindow -->
  <testcase classname="com.thinknumbers.smoketesting.ThinkNumbersSmokeTest" name="@BeforeMethod setUp" time="-1.634113263836E9">
    <skipped/>
  </testcase> <!-- @BeforeMethod setUp -->
  <testcase classname="com.thinknumbers.smoketesting.ThinkNumbersSmokeTest" name="@AfterMethod logOutChildWindow" time="-1.634113263841E9">
    <skipped/>
  </testcase> <!-- @AfterMethod logOutChildWindow -->
  <testcase classname="com.thinknumbers.smoketesting.ThinkNumbersSmokeTest" name="@BeforeMethod setUp" time="15.257">
    <failure type="org.openqa.selenium.TimeoutException" message="Expected condition failed: waiting for presence of element located by: By.xpath: //a[contains(text(),&amp;apos;ThinkNumbers&amp;apos;)] (tried for 10 second(s) with 500 milliseconds interval)">
      <![CDATA[org.openqa.selenium.TimeoutException: Expected condition failed: waiting for presence of element located by: By.xpath: //a[contains(text(),'ThinkNumbers')] (tried for 10 second(s) with 500 milliseconds interval)
at org.openqa.selenium.support.ui.WebDriverWait.timeoutException(WebDriverWait.java:95)
at org.openqa.selenium.support.ui.FluentWait.until(FluentWait.java:272)
at com.thinknumbers.smoketesting.ThinkNumbersSmokeTest.setUp(ThinkNumbersSmokeTest.java:30)
at java.base/java.util.concurrent.ThreadPoolExecutor.runWorker(ThreadPoolExecutor.java:1130)
at java.base/java.util.concurrent.ThreadPoolExecutor$Worker.run(ThreadPoolExecutor.java:630)
at java.base/java.lang.Thread.run(Thread.java:831)
Caused by: org.openqa.selenium.NoSuchWindowException: no such window: target window already closed
from unknown error: web view not found
  (Session info: chrome=94.0.4606.71)
Build info: version: '3.141.59', revision: 'e82be7d358', time: '2018-11-14T08:17:03'
System info: host: 'LAPTOP-65CEBPK8', ip: '192.168.1.229', os.name: 'Windows 10', os.arch: 'amd64', os.version: '10.0', java.version: '16.0.2'
Driver info: org.openqa.selenium.chrome.ChromeDriver
Capabilities {acceptInsecureCerts: false, browserName: chrome, browserVersion: 94.0.4606.71, chrome: {chromedriverVersion: 93.0.4577.15 (660fc11082ba5..., userDataDir: C:\Users\ahmed\AppData\Loca...}, goog:chromeOptions: {debuggerAddress: localhost:53473}, javascriptEnabled: true, networkConnectionEnabled: false, pageLoadStrategy: normal, platform: WINDOWS, platformName: WINDOWS, proxy: Proxy(), setWindowRect: true, strictFileInteractability: false, timeouts: {implicit: 0, pageLoad: 300000, script: 30000}, unhandledPromptBehavior: dismiss and notify, webauthn:extension:credBlob: true, webauthn:extension:largeBlob: true, webauthn:virtualAuthenticators: true}
Session ID: 72e450f0a4aaffc9b00ac096f420e44e
*** Element info: {Using=xpath, value=//a[contains(text(),'ThinkNumbers')]}
at org.openqa.selenium.remote.http.W3CHttpResponseCodec.createException(W3CHttpResponseCodec.java:187)
at org.openqa.selenium.remote.http.W3CHttpResponseCodec.decode(W3CHttpResponseCodec.java:122)
at org.openqa.selenium.remote.http.W3CHttpResponseCodec.decode(W3CHttpResponseCodec.java:49)
at org.openqa.selenium.remote.HttpCommandExecutor.execute(HttpCommandExecutor.java:158)
at org.openqa.selenium.remote.service.DriverCommandExecutor.execute(DriverCommandExecutor.java:83)
at org.openqa.selenium.remote.RemoteWebDriver.execute(RemoteWebDriver.java:552)
at org.openqa.selenium.remote.RemoteWebDriver.findElement(RemoteWebDriver.java:323)
at org.openqa.selenium.remote.RemoteWebDriver.findElementByXPath(RemoteWebDriver.java:428)
at org.openqa.selenium.By$ByXPath.findElement(By.java:353)
at org.openqa.selenium.remote.RemoteWebDriver.findElement(RemoteWebDriver.java:315)
at org.openqa.selenium.support.events.EventFiringWebDriver.lambda$new$1(EventFiringWebDriver.java:105)
at jdk.proxy2/jdk.proxy2.$Proxy10.findElement(Unknown Source)
at org.openqa.selenium.support.events.EventFiringWebDriver.findElement(EventFiringWebDriver.java:194)
at org.openqa.selenium.support.ui.ExpectedConditions$6.apply(ExpectedConditions.java:182)
at org.openqa.selenium.support.ui.ExpectedConditions$6.apply(ExpectedConditions.java:179)
at org.openqa.selenium.support.ui.FluentWait.until(FluentWait.java:249)
... 20 more
... Removed 25 stack frames]]>
    </failure>
  </testcase> <!-- @BeforeMethod setUp -->
  <testcase classname="com.thinknumbers.smoketesting.ThinkNumbersSmokeTest" name="@AfterMethod logOutChildWindow" time="-1.634113264276E9">
    <skipped/>
  </testcase> <!-- @AfterMethod logOutChildWindow -->
  <testcase classname="com.thinknumbers.smoketesting.ThinkNumbersSmokeTest" name="companyTest" time="0.0">
    <skipped/>
  </testcase> <!-- companyTest -->
  <testcase classname="com.thinknumbers.smoketesting.ThinkNumbersSmokeTest" name="analysisGroupTest" time="0.0">
    <skipped/>
  </testcase> <!-- analysisGroupTest -->
  <testcase classname="com.thinknumbers.smoketesting.ThinkNumbersSmokeTest" name="accountingGroupTest" time="0.0">
    <skipped/>
  </testcase> <!-- accountingGroupTest -->
  <testcase classname="com.thinknumbers.smoketesting.ThinkNumbersSmokeTest" name="dayBookTest" time="0.0">
    <skipped/>
  </testcase> <!-- dayBookTest -->
  <testcase classname="com.thinknumbers.smoketesting.ThinkNumbersSmokeTest" name="trailBalanceTest" time="0.0">
    <skipped/>
  </testcase> <!-- trailBalanceTest -->
  <testcase classname="com.thinknumbers.smoketesting.ThinkNumbersSmokeTest" name="fasTrailBalanceTest" time="0.0">
    <skipped/>
  </testcase> <!-- fasTrailBalanceTest -->
  <testcase classname="com.thinknumbers.smoketesting.ThinkNumbersSmokeTest" name="reportingLedgerTest" time="0.0">
    <skipped/>
  </testcase> <!-- reportingLedgerTest -->
  <testcase classname="com.thinknumbers.smoketesting.ThinkNumbersSmokeTest" name="subMasterTest" time="0.0">
    <skipped/>
  </testcase> <!-- subMasterTest -->
</testsuite> <!-- Test -->
